0 info it worked if it ends with ok
<<<<<<< HEAD
1 verbose cli [ '/usr/bin/node', '/usr/bin/npm', 'run', 'e2e' ]
2 info using npm@3.10.2
3 info using node@v6.2.2
4 verbose run-script [ 'pree2e', 'e2e', 'poste2e' ]
5 info lifecycle angular-quickstart@1.0.0~pree2e: angular-quickstart@1.0.0
6 verbose lifecycle angular-quickstart@1.0.0~pree2e: unsafe-perm in lifecycle true
7 verbose lifecycle angular-quickstart@1.0.0~pree2e: PATH: /usr/lib/node_modules/npm/bin/node-gyp-bin:/home/callan/Desktop/RHCdemo/node_modules/.bin:/usr/bin:/usr/local/sbin:/usr/local/bin:/usr/bin:/usr/lib/jvm/default/bin:/usr/bin/site_perl:/usr/bin/vendor_perl:/usr/bin/core_perl:/usr/bin
8 verbose lifecycle angular-quickstart@1.0.0~pree2e: CWD: /home/callan/Desktop/RHCdemo
9 silly lifecycle angular-quickstart@1.0.0~pree2e: Args: [ '-c', 'npm run webdriver:update' ]
10 silly lifecycle angular-quickstart@1.0.0~pree2e: Returned: code: 0  signal: null
11 info lifecycle angular-quickstart@1.0.0~e2e: angular-quickstart@1.0.0
12 verbose lifecycle angular-quickstart@1.0.0~e2e: unsafe-perm in lifecycle true
13 verbose lifecycle angular-quickstart@1.0.0~e2e: PATH: /usr/lib/node_modules/npm/bin/node-gyp-bin:/home/callan/Desktop/RHCdemo/node_modules/.bin:/usr/bin:/usr/local/sbin:/usr/local/bin:/usr/bin:/usr/lib/jvm/default/bin:/usr/bin/site_perl:/usr/bin/vendor_perl:/usr/bin/core_perl:/usr/bin
14 verbose lifecycle angular-quickstart@1.0.0~e2e: CWD: /home/callan/Desktop/RHCdemo
15 silly lifecycle angular-quickstart@1.0.0~e2e: Args: [ '-c',
15 silly lifecycle   'tsc && concurrently "http-server -s" "protractor protractor.config.js" --kill-others --success first' ]
16 silly lifecycle angular-quickstart@1.0.0~e2e: Returned: code: 1  signal: null
17 info lifecycle angular-quickstart@1.0.0~e2e: Failed to exec e2e script
18 verbose stack Error: angular-quickstart@1.0.0 e2e: `tsc && concurrently "http-server -s" "protractor protractor.config.js" --kill-others --success first`
18 verbose stack Exit status 1
18 verbose stack     at EventEmitter.<anonymous> (/usr/lib/node_modules/npm/lib/utils/lifecycle.js:242:16)
18 verbose stack     at emitTwo (events.js:106:13)
18 verbose stack     at EventEmitter.emit (events.js:191:7)
18 verbose stack     at ChildProcess.<anonymous> (/usr/lib/node_modules/npm/lib/utils/spawn.js:40:14)
18 verbose stack     at emitTwo (events.js:106:13)
18 verbose stack     at ChildProcess.emit (events.js:191:7)
18 verbose stack     at maybeClose (internal/child_process.js:852:16)
18 verbose stack     at Process.ChildProcess._handle.onexit (internal/child_process.js:215:5)
19 verbose pkgid angular-quickstart@1.0.0
20 verbose cwd /home/callan/Desktop/RHCdemo
21 error Linux 3.18.35-1-MANJARO
22 error argv "/usr/bin/node" "/usr/bin/npm" "run" "e2e"
23 error node v6.2.2
24 error npm  v3.10.2
25 error code ELIFECYCLE
26 error angular-quickstart@1.0.0 e2e: `tsc && concurrently "http-server -s" "protractor protractor.config.js" --kill-others --success first`
26 error Exit status 1
27 error Failed at the angular-quickstart@1.0.0 e2e script 'tsc && concurrently "http-server -s" "protractor protractor.config.js" --kill-others --success first'.
27 error Make sure you have the latest version of node.js and npm installed.
27 error If you do, this is most likely a problem with the angular-quickstart package,
27 error not with npm itself.
27 error Tell the author that this fails on your system:
27 error     tsc && concurrently "http-server -s" "protractor protractor.config.js" --kill-others --success first
27 error You can get information on how to open an issue for this project with:
27 error     npm bugs angular-quickstart
27 error Or if that isn't available, you can get their info via:
27 error     npm owner ls angular-quickstart
27 error There is likely additional logging output above.
28 verbose exit [ 1, true ]
=======
1 verbose cli [ 'C:\\Program Files\\nodejs\\node.exe',
1 verbose cli   'C:\\Users\\b162-\\AppData\\Roaming\\npm\\node_modules\\npm\\bin\\npm-cli.js',
1 verbose cli   'start' ]
2 info using npm@3.10.5
3 info using node@v4.4.5
4 verbose run-script [ 'prestart', 'start', 'poststart' ]
5 info lifecycle angular-quickstart@1.0.0~prestart: angular-quickstart@1.0.0
6 silly lifecycle angular-quickstart@1.0.0~prestart: no script for prestart, continuing
7 info lifecycle angular-quickstart@1.0.0~start: angular-quickstart@1.0.0
8 verbose lifecycle angular-quickstart@1.0.0~start: unsafe-perm in lifecycle true
9 verbose lifecycle angular-quickstart@1.0.0~start: PATH: C:\Users\b162-\AppData\Roaming\npm\node_modules\npm\bin\node-gyp-bin;C:\Users\b162-\Desktop\RHCdemo\node_modules\.bin;C:\Program Files\nodejs;C:\Users\b162-\AppData\Roaming\npm;C:\Program Files\nodejs\;C:\Program Files (x86)\Intel\iCLS Client\;C:\Program Files\Intel\iCLS Client\;C:\WINDOWS\system32;C:\WINDOWS;C:\WINDOWS\System32\Wbem;C:\WINDOWS\System32\WindowsPowerShell\v1.0\;C:\Program Files (x86)\Intel\Intel(R) Management Engine Components\DAL;C:\Program Files\Intel\Intel(R) Management Engine Components\DAL;C:\Program Files (x86)\Intel\Intel(R) Management Engine Components\IPT;C:\Program Files\Intel\Intel(R) Management Engine Components\IPT;C:\Program Files\nodejs\;C:\Program Files\Microsoft SQL Server\120\Tools\Binn\;C:\Program Files\Microsoft SQL Server\130\Tools\Binn\;C:\Program Files (x86)\Windows Kits\10\Windows Performance Toolkit\;C:\Program Files (x86)\Microsoft SQL Server\Client SDK\ODBC\130\Tools\Binn\;C:\Program Files (x86)\Microsoft SQL Server\130\Tools\Binn\;C:\Program Files (x86)\Microsoft SQL Server\130\DTS\Binn\;C:\Program Files (x86)\Microsoft SQL Server\130\Tools\Binn\ManagementStudio\;C:\Program Files\Microsoft\Web Platform Installer\;C:\Program Files\Git\cmd;C:\Program Files (x86)\GtkSharp\2.12\bin;C:\Program Files\dotnet\;C:\Users\b162-\AppData\Local\Programs\Python\Python35-32\Scripts\;C:\Users\b162-\AppData\Local\Programs\Python\Python35-32\;C:\Users\b162-\.dnx\runtimes\dnx-clr-win-x86.1.0.0-rc1-update2\bin;C:\Users\b162-\AppData\Local\atom\bin;C:\Users\b162-\AppData\npm\bin;C:\Program Files (x86)\Microsoft VS Code\bin
10 verbose lifecycle angular-quickstart@1.0.0~start: CWD: C:\Users\b162-\Desktop\RHCdemo
11 silly lifecycle angular-quickstart@1.0.0~start: Args: [ '/d /s /c', 'tsc && concurrently "tsc -w" "lite-server" ' ]
12 silly lifecycle angular-quickstart@1.0.0~start: Returned: code: 2  signal: null
13 info lifecycle angular-quickstart@1.0.0~start: Failed to exec start script
14 verbose stack Error: angular-quickstart@1.0.0 start: `tsc && concurrently "tsc -w" "lite-server" `
14 verbose stack Exit status 2
14 verbose stack     at EventEmitter.<anonymous> (C:\Users\b162-\AppData\Roaming\npm\node_modules\npm\lib\utils\lifecycle.js:242:16)
14 verbose stack     at emitTwo (events.js:87:13)
14 verbose stack     at EventEmitter.emit (events.js:172:7)
14 verbose stack     at ChildProcess.<anonymous> (C:\Users\b162-\AppData\Roaming\npm\node_modules\npm\lib\utils\spawn.js:40:14)
14 verbose stack     at emitTwo (events.js:87:13)
14 verbose stack     at ChildProcess.emit (events.js:172:7)
14 verbose stack     at maybeClose (internal/child_process.js:827:16)
14 verbose stack     at Process.ChildProcess._handle.onexit (internal/child_process.js:211:5)
15 verbose pkgid angular-quickstart@1.0.0
16 verbose cwd C:\Users\b162-\Desktop\RHCdemo
17 error Windows_NT 10.0.10586
18 error argv "C:\\Program Files\\nodejs\\node.exe" "C:\\Users\\b162-\\AppData\\Roaming\\npm\\node_modules\\npm\\bin\\npm-cli.js" "start"
19 error node v4.4.5
20 error npm  v3.10.5
21 error code ELIFECYCLE
22 error angular-quickstart@1.0.0 start: `tsc && concurrently "tsc -w" "lite-server" `
22 error Exit status 2
23 error Failed at the angular-quickstart@1.0.0 start script 'tsc && concurrently "tsc -w" "lite-server" '.
23 error Make sure you have the latest version of node.js and npm installed.
23 error If you do, this is most likely a problem with the angular-quickstart package,
23 error not with npm itself.
23 error Tell the author that this fails on your system:
23 error     tsc && concurrently "tsc -w" "lite-server"
23 error You can get information on how to open an issue for this project with:
23 error     npm bugs angular-quickstart
23 error Or if that isn't available, you can get their info via:
23 error     npm owner ls angular-quickstart
23 error There is likely additional logging output above.
24 verbose exit [ 1, true ]
>>>>>>> f0df17a0136f9b3eaa7c63a0db219c4114981fee
